Demo/build/outputs/logs/manifest-merger-debug-report.txt
-- Merging decision tree log ---
manifest
ADDED from src\main\AndroidManifest.xml:2:1-48:12
INJECTED from src\main\AndroidManifest.xml:2:1-48:12
INJECTED from src\main\AndroidManifest.xml:2:1-48:12
INJECTED from src\main\AndroidManifest.xml:2:1-48:12
INJECTED from src\main\AndroidManifest.xml:2:1-48:12
INJECTED from src\main\AndroidManifest.xml:2:1-48:12
INJECTED from src\main\AndroidManifest.xml:2:1-48:12
	package
		ADDED from src\main\AndroidManifest.xml:3:5-37
		INJECTED from src\main\AndroidManifest.xml
		INJECTED from src\main\AndroidManifest.xml
	android:versionName
		ADDED from src\main\AndroidManifest.xml:5:5-30
		INJECTED from src\main\AndroidManifest.xml
		INJECTED from src\main\AndroidManifest.xml
	xmlns:android
		ADDED from src\main\AndroidManifest.xml:2:11-69
	android:versionCode
		ADDED from src\main\AndroidManifest.xml:4:5-28
		INJECTED from src\main\AndroidManifest.xml
		INJECTED from src\main\AndroidManifest.xml
uses-sdk
ADDED from src\main\AndroidManifest.xml:7:5-9:41
INJECTED from src\main\AndroidManifest.xml:7:5-9:41
INJECTED from src\main\AndroidManifest.xml:7:5-9:41
INJECTED from src\main\AndroidManifest.xml:7:5-9:41
INJECTED from src\main\AndroidManifest.xml:7:5-9:41
	android:targetSdkVersion
		ADDED from src\main\AndroidManifest.xml:9:9-38
		INJECTED from src\main\AndroidManifest.xml
		INJECTED from src\main\AndroidManifest.xml
	android:minSdkVersion
		ADDED from src\main\AndroidManifest.xml:8:9-35
		INJECTED from src\main\AndroidManifest.xml
		INJECTED from src\main\AndroidManifest.xml
uses-permission#android.permission.INTERNET
ADDED from src\main\AndroidManifest.xml:11:5-67
	android:name
		ADDED from src\main\AndroidManifest.xml:11:22-64
uses-permission#android.permission.ACCESS_NETWORK_STATE
ADDED from src\main\AndroidManifest.xml:12:5-79
	android:name
		ADDED from src\main\AndroidManifest.xml:12:22-76
uses-permission#android.permission.WRITE_EXTERNAL_STORAGE
ADDED from src\main\AndroidManifest.xml:13:5-81
	android:name
		ADDED from src\main\AndroidManifest.xml:13:22-78
uses-permission#android.permission.READ_PHONE_STATE
ADDED from src\main\AndroidManifest.xml:15:5-75
	android:name
		ADDED from src\main\AndroidManifest.xml:15:22-72
uses-permission#android.permission.ACCESS_WIFI_STATE
ADDED from src\main\AndroidManifest.xml:16:5-76
	android:name
		ADDED from src\main\AndroidManifest.xml:16:22-73
uses-permission#android.permission.CHANGE_WIFI_STATE
ADDED from src\main\AndroidManifest.xml:17:5-76
	android:name
		ADDED from src\main\AndroidManifest.xml:17:22-73
uses-permission#android.permission.VIBRATE
ADDED from src\main\AndroidManifest.xml:18:5-66
	android:name
		ADDED from src\main\AndroidManifest.xml:18:22-63
application
ADDED from src\main\AndroidManifest.xml:20:5-47:19
	android:label
		ADDED from src\main\AndroidManifest.xml:22:9-41
	android:theme
		ADDED from src\main\AndroidManifest.xml:23:9-40
	android:name
		ADDED from src\main\AndroidManifest.xml:21:9-29
activity#com.sohu.changyan.demo.CyActivity
ADDED from src\main\AndroidManifest.xml:25:9-30:20
	android:name
		ADDED from src\main\AndroidManifest.xml:25:19-67
intent-filter#android.intent.action.MAIN+android.intent.category.LAUNCHER
ADDED from src\main\AndroidManifest.xml:26:13-29:29
action#android.intent.action.MAIN
ADDED from src\main\AndroidManifest.xml:27:17-69
	android:name
		ADDED from src\main\AndroidManifest.xml:27:25-66
category#android.intent.category.LAUNCHER
ADDED from src\main\AndroidManifest.xml:28:17-77
	android:name
		ADDED from src\main\AndroidManifest.xml:28:27-74
activity#com.sohu.cyan.android.sdk.activity.CyanCommentActivity
ADDED from src\main\AndroidManifest.xml:33:9-90
	android:name
		ADDED from src\main\AndroidManifest.xml:33:19-88
activity#com.sohu.cyan.android.sdk.activity.CyanPostCommentActivity
ADDED from src\main\AndroidManifest.xml:35:9-94
	android:name
		ADDED from src\main\AndroidManifest.xml:35:19-92
activity#com.sohu.cyan.android.sdk.activity.OAuthActivity
ADDED from src\main\AndroidManifest.xml:37:9-94
	android:name
		ADDED from src\main\AndroidManifest.xml:37:19-82
activity#com.sohu.changyan.demo.CommentListActivity
ADDED from src\main\AndroidManifest.xml:40:9-78
	android:name
		ADDED from src\main\AndroidManifest.xml:40:19-76
activity#com.sohu.changyan.demo.LoginActivity
ADDED from src\main\AndroidManifest.xml:41:9-82
	android:name
		ADDED from src\main\AndroidManifest.xml:41:19-70
activity#com.sohu.changyan.demo.PostCommentActivity
ADDED from src\main\AndroidManifest.xml:42:9-88
	android:name
		ADDED from src\main\AndroidManifest.xml:42:19-76
activity#com.sohu.changyan.demo.CommentRepliesActivity
ADDED from src\main\AndroidManifest.xml:43:9-91
	android:name
		ADDED from src\main\AndroidManifest.xml:43:19-79
activity#com.sohu.changyan.demo.AppLoginActivity
ADDED from src\main\AndroidManifest.xml:44:9-85
	android:name
		ADDED from src\main\AndroidManifest.xml:44:19-73
activity#com.sohu.cyan.android.sdk.activity.RepliesActivity
ADDED from src\main\AndroidManifest.xml:45:9-96
	android:name
		ADDED from src\main\AndroidManifest.xml:45:19-84